#-----------------------------------------------------------
# Vivado v2017.4 (64-bit)
# SW Build 2086221 on Fri Dec 15 20:55:39 MST 2017
# IP Build 2085800 on Fri Dec 15 22:25:07 MST 2017
# Start of session at: Mon Dec  5 15:19:36 2022
# Process ID: 3940
# Current directory: F:/Repo/reborn/cpu/cpu/minisys1a
# Command line: vivado.exe -gui_launcher_event rodinguilauncherevent19580 F:\Repo\reborn\cpu\cpu\minisys1a\minisys1a.xpr
# Log file: F:/Repo/reborn/cpu/cpu/minisys1a/vivado.log
# Journal file: F:/Repo/reborn/cpu/cpu/minisys1a\vivado.jou
#-----------------------------------------------------------
start_gui
open_project F:/Repo/reborn/cpu/cpu/minisys1a/minisys1a.xpr
INFO: [Project 1-313] Project file moved from 'D:/Repo/reborn/cpu/cpu/minisys1a' since last save.
CRITICAL WARNING: [Project 1-311] Could not find the file 'F:/Repo/reborn/cpu/cpu/minisys1a/minsys_sim_behav.wcfg', nor could it be found using path 'D:/Repo/reborn/cpu/cpu/minisys1a/minsys_sim_behav.wcfg'.
Scanning sources...
Finished scanning sources
WARNING: [Project 1-509] GeneratedRun file for 'synth_1' not found
WARNING: [Project 1-509] GeneratedRun file for 'cuclock_synth_1' not found
WARNING: [Project 1-509] GeneratedRun file for 'dmem8_synth_1' not found
WARNING: [Project 1-509] GeneratedRun file for 'uart_bmpg_0_synth_1' not found
WARNING: [Project 1-509] GeneratedRun file for 'div_signed_synth_1' not found
WARNING: [Project 1-509] GeneratedRun file for 'div_unsigned_synth_1' not found
WARNING: [Project 1-509] GeneratedRun file for 'mult_signed_synth_1' not found
WARNING: [Project 1-509] GeneratedRun file for 'mult_unsigned_synth_1' not found
WARNING: [Project 1-509] GeneratedRun file for 'blk_mem_gen_0_synth_1' not found
WARNING: [filemgmt 56-2] IPUserFilesDir: Could not find the directory 'F:/Repo/reborn/cpu/cpu/minisys1a/minisys1a.ip_user_files', nor could it be found using path 'D:/Repo/reborn/cpu/cpu/minisys1a/minisys1a.ip_user_files'.
INFO: [IP_Flow 19-234] Refreshing IP repositories
INFO: [IP_Flow 19-1700] Loaded user IP repository 'c:/Users/jerry/Desktop/orgnizationtrain/minisys/IP/SEU_CSE_507_user_uart_bmpg_1.3'.
INFO: [IP_Flow 19-2313] Loaded Vivado IP repository 'C:/Xilinx/Vivado/2017.4/data/ip'.
update_compile_order -fileset sources_1
update_compile_order -fileset sources_1
update_compile_order -fileset sources_1
INFO: [Device 21-403] Loading part xc7a12ticsg325-1L
WARNING: [IP_Flow 19-4067] Ignoring invalid widget type specified checkbox.Providing a default widget
WARNING: [IP_Flow 19-4067] Ignoring invalid widget type specified checkbox.Providing a default widget
update_compile_order -fileset sources_1
exit
INFO: [Common 17-206] Exiting Vivado at Mon Dec  5 15:27:51 2022...
