#-----------------------------------------------------------
# Vivado v2017.4 (64-bit)
# SW Build 2086221 on Fri Dec 15 20:55:39 MST 2017
# IP Build 2085800 on Fri Dec 15 22:25:07 MST 2017
# Start of session at: Wed Nov 23 15:55:20 2022
# Process ID: 14156
# Current directory: D:/Repo/reborn/cpu/m1aours
# Command line: vivado.exe -gui_launcher_event rodinguilauncherevent10244 D:\Repo\reborn\cpu\m1aours\m1aours.xpr
# Log file: D:/Repo/reborn/cpu/m1aours/vivado.log
# Journal file: D:/Repo/reborn/cpu/m1aours\vivado.jou
#-----------------------------------------------------------
start_gui
open_project D:/Repo/reborn/cpu/m1aours/m1aours.xpr
Scanning sources...
Finished scanning sources
INFO: [IP_Flow 19-234] Refreshing IP repositories
INFO: [IP_Flow 19-1704] No user IP repositories specified
INFO: [IP_Flow 19-2313] Loaded Vivado IP repository 'C:/Xilinx/Vivado/2017.4/data/ip'.
update_compile_order -fileset sources_1
update_compile_order -fileset sources_1
reset_run synth_1
launch_runs synth_1 -jobs 12
[Wed Nov 23 15:59:05 2022] Launched synth_1...
Run output will be captured here: D:/Repo/reborn/cpu/m1aours/m1aours.runs/synth_1/runme.log
reset_run synth_1
launch_runs synth_1 -jobs 12
[Wed Nov 23 16:00:00 2022] Launched synth_1...
Run output will be captured here: D:/Repo/reborn/cpu/m1aours/m1aours.runs/synth_1/runme.log
exit
INFO: [Common 17-206] Exiting Vivado at Wed Nov 23 16:00:44 2022...
